c:\users\minec\source\repos\martexz\five-in-a-row\fiveinarow\fiveinarow\x64\release\vc143.pdb
c:\users\minec\source\repos\martexz\five-in-a-row\fiveinarow\fiveinarow\x64\release\rules.obj
c:\users\minec\source\repos\martexz\five-in-a-row\fiveinarow\fiveinarow\x64\release\enemy.obj
c:\users\minec\source\repos\martexz\five-in-a-row\fiveinarow\fiveinarow\x64\release\board.obj
c:\users\minec\source\repos\martexz\five-in-a-row\fiveinarow\fiveinarow\x64\release\fiveinarow.obj
c:\users\minec\source\repos\martexz\five-in-a-row\fiveinarow\x64\release\fiveinarow.exe
c:\users\minec\source\repos\martexz\five-in-a-row\fiveinarow\x64\release\fiveinarow.pdb
c:\users\minec\source\repos\martexz\five-in-a-row\fiveinarow\fiveinarow\x64\release\fiveinarow.res
c:\users\minec\source\repos\martexz\five-in-a-row\fiveinarow\fiveinarow\x64\release\fiveinarow.ipdb
c:\users\minec\source\repos\martexz\five-in-a-row\fiveinarow\fiveinarow\x64\release\fiveinarow.iobj
c:\users\minec\source\repos\martexz\five-in-a-row\fiveinarow\fiveinarow\x64\release\fiveinarow.tlog\cl.command.1.tlog
c:\users\minec\source\repos\martexz\five-in-a-row\fiveinarow\fiveinarow\x64\release\fiveinarow.tlog\cl.items.tlog
c:\users\minec\source\repos\martexz\five-in-a-row\fiveinarow\fiveinarow\x64\release\fiveinarow.tlog\cl.read.1.tlog
c:\users\minec\source\repos\martexz\five-in-a-row\fiveinarow\fiveinarow\x64\release\fiveinarow.tlog\cl.write.1.tlog
c:\users\minec\source\repos\martexz\five-in-a-row\fiveinarow\fiveinarow\x64\release\fiveinarow.tlog\link.command.1.tlog
c:\users\minec\source\repos\martexz\five-in-a-row\fiveinarow\fiveinarow\x64\release\fiveinarow.tlog\link.read.1.tlog
c:\users\minec\source\repos\martexz\five-in-a-row\fiveinarow\fiveinarow\x64\release\fiveinarow.tlog\link.secondary.1.tlog
c:\users\minec\source\repos\martexz\five-in-a-row\fiveinarow\fiveinarow\x64\release\fiveinarow.tlog\link.write.1.tlog
c:\users\minec\source\repos\martexz\five-in-a-row\fiveinarow\fiveinarow\x64\release\fiveinarow.tlog\rc.command.1.tlog
c:\users\minec\source\repos\martexz\five-in-a-row\fiveinarow\fiveinarow\x64\release\fiveinarow.tlog\rc.read.1.tlog
c:\users\minec\source\repos\martexz\five-in-a-row\fiveinarow\fiveinarow\x64\release\fiveinarow.tlog\rc.write.1.tlog
